<?xml version="1.0" encoding="UTF-8"?>
<!-- Generated by org.testng.reporters.JUnitXMLReporter -->
<testsuite ignored="0" hostname="archlinux" failures="0" tests="7" name="Surefire test" time="131.856" errors="0" timestamp="2023-04-18T17:14:46 ALMT">
  <testcase classname="YahooLoginPageTests" name="loginInvalidPasswordTest" time="7.134"/>
  <testcase classname="YahooLoginPageTests" name="loginInvalidUserNameTest" time="0.75"/>
  <testcase classname="YahooLoginPageTests" name="loginInvalidUserNameTest" time="0.845"/>
  <testcase classname="YahooLoginPageTests" name="yahooLoginValidUserTest" time="22.583"/>
  <testcase classname="EmailContentsIntegrityFromProtonToYahooTest" name="messageSenderTest" time="0.074"/>
  <testcase classname="EmailContentsIntegrityFromProtonToYahooTest" name="messageUnreadTest" time="0.027"/>
  <testcase classname="EmailContentsIntegrityFromProtonToYahooTest" name="messageBodyIntegrityTest" time="0.535"/>
</testsuite> <!-- Surefire test -->
